open source     > level 1, order 1, name 'C:/texlive/2021/texmf-dist/tex/context/base/mkiv/cont-yes.mkiv'
system          > 
system          > ConTeXt  ver: 2021.03.05 19:11 MKIV  fmt: 2022.9.28  int: english/english
system          > 
system          > 'cont-new.mkiv' loaded
open source     > level 2, order 2, name 'C:/texlive/2021/texmf-dist/tex/context/base/mkiv/cont-new.mkiv'
system          > beware: some patches loaded from cont-new.mkiv
close source    > level 2, order 2, name 'C:/texlive/2021/texmf-dist/tex/context/base/mkiv/cont-new.mkiv'
system          > files > jobname 'content', input './content', result 'content'
fonts           > latin modern fonts are not preloaded
languages       > language 'en' is active
system          > synctex functionality is enabled, expect 5-10 pct runtime overhead!
open source     > level 2, order 3, name 'C:/Users/morris/Desktop/codebook/content.tex'
structure       > sectioning > section @ level 3 : 0.0.1 -> Basic
fonts           > beware: no fonts are loaded yet, using 'lm mono' in box
structure       > sectioning > subsection @ level 4 : 0.0.1.1 -> Default code

tex error       > tex error on line 5 in file C:/Users/morris/Desktop/codebook/content.tex: ! Undefined control sequence

l.5 \lstinputlisting
                  {1_Basic/Default_code.cpp}

 1     \section{Basic}
 2     %\subsection{Shell script}
 3     %\lstinputlisting{1_Basic/Shell_script.cpp}
 4     \subsection{Default code}
 5 >>  \lstinputlisting{1_Basic/Default_code.cpp}
 6     \subsection{vimrc}
 7     \lstinputlisting{1_Basic/vimrc.cpp}
 8     \subsection{read}
 9     \lstinputlisting{1_Basic/read.cpp}
10     \subsection{Black Magic}
11     \lstinputlisting{1_Basic/black_magic.cpp}
12     \subsection{Texas hold'em}
13     \lstinputlisting{1_Basic/Texas_holdem.cpp}
14     
15     

